


ARM Macro Assembler    Page 1 


    1 00000000         ;*******************************************************
                       ************************
    2 00000000         ;* File Name          : startup_stm32f051x8.s
    3 00000000         ;* Author             : MCD Application Team
    4 00000000         ;* Description        : STM32F051x4/STM32F051x6/STM32F05
                       1x8 devices vector table for MDK-ARM toolchain.
    5 00000000         ;*                      This module performs:
    6 00000000         ;*                      - Set the initial SP
    7 00000000         ;*                      - Set the initial PC == Reset_Ha
                       ndler
    8 00000000         ;*                      - Set the vector table entries w
                       ith the exceptions ISR address
    9 00000000         ;*                      - Branches to __main in the C li
                       brary (which eventually
   10 00000000         ;*                        calls main()).
   11 00000000         ;*                      After Reset the CortexM0 process
                       or is in Thread mode,
   12 00000000         ;*                      priority is Privileged, and the 
                       Stack is set to Main.
   13 00000000         ;*******************************************************
                       *************************
   14 00000000         ;* @attention
   15 00000000         ;*
   16 00000000         ;* Copyright (c) 2016 STMicroelectronics.
   17 00000000         ;* All rights reserved.
   18 00000000         ;*
   19 00000000         ;* This software component is licensed by ST under BSD 3
                       -Clause license,
   20 00000000         ;* the "License"; You may not use this file except in co
                       mpliance with the
   21 00000000         ;* License. You may obtain a copy of the License at:
   22 00000000         ;*                        opensource.org/licenses/BSD-3-
                       Clause
   23 00000000         ;*
   24 00000000         ;*******************************************************
                       ************************
   25 00000000         ;* <<< Use Configuration Wizard in Context Menu >>>
   26 00000000         ;
   27 00000000         
   28 00000000         ; Amount of memory (in bytes) allocated for Stack
   29 00000000         ; Tailor this value to your application needs
   30 00000000         ; <h> Stack Configuration
   31 00000000         ;   <o> Stack Size (in Bytes) <0x0-0xFFFFFFFF:8>
   32 00000000         ; </h>
   33 00000000         
   34 00000000 00000400 
                       Stack_Size
                               EQU              0x400
   35 00000000         
   36 00000000                 AREA             STACK, NOINIT, READWRITE, ALIGN
=3
   37 00000000         Stack_Mem
                               SPACE            Stack_Size
   38 00000400         __initial_sp
   39 00000400         
   40 00000400         
   41 00000400         ; <h> Heap Configuration
   42 00000400         ;   <o>  Heap Size (in Bytes) <0x0-0xFFFFFFFF:8>
   43 00000400         ; </h>



ARM Macro Assembler    Page 2 


   44 00000400         
   45 00000400 00000200 
                       Heap_Size
                               EQU              0x200
   46 00000400         
   47 00000400                 AREA             HEAP, NOINIT, READWRITE, ALIGN=
3
   48 00000000         __heap_base
   49 00000000         Heap_Mem
                               SPACE            Heap_Size
   50 00000200         __heap_limit
   51 00000200         
   52 00000200                 PRESERVE8
   53 00000200                 THUMB
   54 00000200         
   55 00000200         
   56 00000200         ; Vector Table Mapped to Address 0 at Reset
   57 00000200                 AREA             RESET, DATA, READONLY
   58 00000000                 EXPORT           __Vectors
   59 00000000                 EXPORT           __Vectors_End
   60 00000000                 EXPORT           __Vectors_Size
   61 00000000         
   62 00000000 00000000 
                       __Vectors
                               DCD              __initial_sp ; Top of Stack
   63 00000004 00000000        DCD              Reset_Handler ; Reset Handler
   64 00000008 00000000        DCD              NMI_Handler ; NMI Handler
   65 0000000C 00000000        DCD              HardFault_Handler ; Hard Fault 
                                                            Handler
   66 00000010 00000000        DCD              0           ; Reserved
   67 00000014 00000000        DCD              0           ; Reserved
   68 00000018 00000000        DCD              0           ; Reserved
   69 0000001C 00000000        DCD              0           ; Reserved
   70 00000020 00000000        DCD              0           ; Reserved
   71 00000024 00000000        DCD              0           ; Reserved
   72 00000028 00000000        DCD              0           ; Reserved
   73 0000002C 00000000        DCD              SVC_Handler ; SVCall Handler
   74 00000030 00000000        DCD              0           ; Reserved
   75 00000034 00000000        DCD              0           ; Reserved
   76 00000038 00000000        DCD              PendSV_Handler ; PendSV Handler
                                                            
   77 0000003C 00000000        DCD              SysTick_Handler 
                                                            ; SysTick Handler
   78 00000040         
   79 00000040         ; External Interrupts
   80 00000040 00000000        DCD              WWDG_IRQHandler 
                                                            ; Window Watchdog
   81 00000044 00000000        DCD              PVD_IRQHandler ; PVD through EX
                                                            TI Line detect
   82 00000048 00000000        DCD              RTC_IRQHandler ; RTC through EX
                                                            TI Line
   83 0000004C 00000000        DCD              FLASH_IRQHandler ; FLASH
   84 00000050 00000000        DCD              RCC_IRQHandler ; RCC
   85 00000054 00000000        DCD              EXTI0_1_IRQHandler 
                                                            ; EXTI Line 0 and 1
                                                            
   86 00000058 00000000        DCD              EXTI2_3_IRQHandler 
                                                            ; EXTI Line 2 and 3
                                                            



ARM Macro Assembler    Page 3 


   87 0000005C 00000000        DCD              EXTI4_15_IRQHandler 
                                                            ; EXTI Line 4 to 15
                                                            
   88 00000060 00000000        DCD              TSC_IRQHandler ; TS
   89 00000064 00000000        DCD              DMA1_Channel1_IRQHandler 
                                                            ; DMA1 Channel 1
   90 00000068 00000000        DCD              DMA1_Channel2_3_IRQHandler ; DM
                                                            A1 Channel 2 and Ch
                                                            annel 3
   91 0000006C 00000000        DCD              DMA1_Channel4_5_IRQHandler ; DM
                                                            A1 Channel 4 and Ch
                                                            annel 5
   92 00000070 00000000        DCD              ADC1_COMP_IRQHandler ; ADC1, CO
                                                            MP1 and COMP2 
   93 00000074 00000000        DCD              TIM1_BRK_UP_TRG_COM_IRQHandler 
                                                            ; TIM1 Break, Updat
                                                            e, Trigger and Comm
                                                            utation
   94 00000078 00000000        DCD              TIM1_CC_IRQHandler ; TIM1 Captu
                                                            re Compare
   95 0000007C 00000000        DCD              TIM2_IRQHandler ; TIM2
   96 00000080 00000000        DCD              TIM3_IRQHandler ; TIM3
   97 00000084 00000000        DCD              TIM6_DAC_IRQHandler 
                                                            ; TIM6 and DAC
   98 00000088 00000000        DCD              0           ; Reserved
   99 0000008C 00000000        DCD              TIM14_IRQHandler ; TIM14
  100 00000090 00000000        DCD              TIM15_IRQHandler ; TIM15
  101 00000094 00000000        DCD              TIM16_IRQHandler ; TIM16
  102 00000098 00000000        DCD              TIM17_IRQHandler ; TIM17
  103 0000009C 00000000        DCD              I2C1_IRQHandler ; I2C1
  104 000000A0 00000000        DCD              I2C2_IRQHandler ; I2C2
  105 000000A4 00000000        DCD              SPI1_IRQHandler ; SPI1
  106 000000A8 00000000        DCD              SPI2_IRQHandler ; SPI2
  107 000000AC 00000000        DCD              USART1_IRQHandler ; USART1
  108 000000B0 00000000        DCD              USART2_IRQHandler ; USART2
  109 000000B4 00000000        DCD              0           ; Reserved
  110 000000B8 00000000        DCD              CEC_IRQHandler ; CEC
  111 000000BC         
  112 000000BC         __Vectors_End
  113 000000BC         
  114 000000BC 000000BC 
                       __Vectors_Size
                               EQU              __Vectors_End - __Vectors
  115 000000BC         
  116 000000BC                 AREA             |.text|, CODE, READONLY
  117 00000000         
  118 00000000         ; Reset handler routine
  119 00000000         Reset_Handler
                               PROC
  120 00000000                 EXPORT           Reset_Handler                 [
WEAK]
  121 00000000                 IMPORT           __main
  122 00000000                 IMPORT           SystemInit
  123 00000000 4804            LDR              R0, =SystemInit
  124 00000002 4780            BLX              R0
  125 00000004 4804            LDR              R0, =__main
  126 00000006 4700            BX               R0
  127 00000008                 ENDP
  128 00000008         



ARM Macro Assembler    Page 4 


  129 00000008         ; Dummy Exception Handlers (infinite loops which can be 
                       modified)
  130 00000008         
  131 00000008         NMI_Handler
                               PROC
  132 00000008                 EXPORT           NMI_Handler                    
[WEAK]
  133 00000008 E7FE            B                .
  134 0000000A                 ENDP
  136 0000000A         HardFault_Handler
                               PROC
  137 0000000A                 EXPORT           HardFault_Handler              
[WEAK]
  138 0000000A E7FE            B                .
  139 0000000C                 ENDP
  140 0000000C         SVC_Handler
                               PROC
  141 0000000C                 EXPORT           SVC_Handler                    
[WEAK]
  142 0000000C E7FE            B                .
  143 0000000E                 ENDP
  144 0000000E         PendSV_Handler
                               PROC
  145 0000000E                 EXPORT           PendSV_Handler                 
[WEAK]
  146 0000000E E7FE            B                .
  147 00000010                 ENDP
  148 00000010         SysTick_Handler
                               PROC
  149 00000010                 EXPORT           SysTick_Handler                
[WEAK]
  150 00000010 E7FE            B                .
  151 00000012                 ENDP
  152 00000012         
  153 00000012         Default_Handler
                               PROC
  154 00000012         
  155 00000012                 EXPORT           WWDG_IRQHandler                
[WEAK]
  156 00000012                 EXPORT           PVD_IRQHandler                 
[WEAK]
  157 00000012                 EXPORT           RTC_IRQHandler                 
[WEAK]
  158 00000012                 EXPORT           FLASH_IRQHandler               
[WEAK]
  159 00000012                 EXPORT           RCC_IRQHandler                 
[WEAK]
  160 00000012                 EXPORT           EXTI0_1_IRQHandler             
[WEAK]
  161 00000012                 EXPORT           EXTI2_3_IRQHandler             
[WEAK]
  162 00000012                 EXPORT           EXTI4_15_IRQHandler            
[WEAK]
  163 00000012                 EXPORT           TSC_IRQHandler                 
[WEAK]
  164 00000012                 EXPORT           DMA1_Channel1_IRQHandler       
[WEAK]
  165 00000012                 EXPORT           DMA1_Channel2_3_IRQHandler     
[WEAK]



ARM Macro Assembler    Page 5 


  166 00000012                 EXPORT           DMA1_Channel4_5_IRQHandler     
[WEAK]
  167 00000012                 EXPORT           ADC1_COMP_IRQHandler           
[WEAK]
  168 00000012                 EXPORT           TIM1_BRK_UP_TRG_COM_IRQHandler 
[WEAK]
  169 00000012                 EXPORT           TIM1_CC_IRQHandler             
[WEAK]
  170 00000012                 EXPORT           TIM2_IRQHandler                
[WEAK]
  171 00000012                 EXPORT           TIM3_IRQHandler                
[WEAK]
  172 00000012                 EXPORT           TIM6_DAC_IRQHandler            
[WEAK]
  173 00000012                 EXPORT           TIM14_IRQHandler               
[WEAK]
  174 00000012                 EXPORT           TIM15_IRQHandler               
[WEAK]
  175 00000012                 EXPORT           TIM16_IRQHandler               
[WEAK]
  176 00000012                 EXPORT           TIM17_IRQHandler               
[WEAK]
  177 00000012                 EXPORT           I2C1_IRQHandler                
[WEAK]
  178 00000012                 EXPORT           I2C2_IRQHandler                
[WEAK]
  179 00000012                 EXPORT           SPI1_IRQHandler                
[WEAK]
  180 00000012                 EXPORT           SPI2_IRQHandler                
[WEAK]
  181 00000012                 EXPORT           USART1_IRQHandler              
[WEAK]
  182 00000012                 EXPORT           USART2_IRQHandler              
[WEAK]
  183 00000012                 EXPORT           CEC_IRQHandler                 
[WEAK]
  184 00000012         
  185 00000012         
  186 00000012         WWDG_IRQHandler
  187 00000012         PVD_IRQHandler
  188 00000012         RTC_IRQHandler
  189 00000012         FLASH_IRQHandler
  190 00000012         RCC_IRQHandler
  191 00000012         EXTI0_1_IRQHandler
  192 00000012         EXTI2_3_IRQHandler
  193 00000012         EXTI4_15_IRQHandler
  194 00000012         TSC_IRQHandler
  195 00000012         DMA1_Channel1_IRQHandler
  196 00000012         DMA1_Channel2_3_IRQHandler
  197 00000012         DMA1_Channel4_5_IRQHandler
  198 00000012         ADC1_COMP_IRQHandler
  199 00000012         TIM1_BRK_UP_TRG_COM_IRQHandler
  200 00000012         TIM1_CC_IRQHandler
  201 00000012         TIM2_IRQHandler
  202 00000012         TIM3_IRQHandler
  203 00000012         TIM6_DAC_IRQHandler
  204 00000012         TIM14_IRQHandler
  205 00000012         TIM15_IRQHandler
  206 00000012         TIM16_IRQHandler



ARM Macro Assembler    Page 6 


  207 00000012         TIM17_IRQHandler
  208 00000012         I2C1_IRQHandler
  209 00000012         I2C2_IRQHandler
  210 00000012         SPI1_IRQHandler
  211 00000012         SPI2_IRQHandler
  212 00000012         USART1_IRQHandler
  213 00000012         USART2_IRQHandler
  214 00000012         CEC_IRQHandler
  215 00000012         
  216 00000012 E7FE            B                .
  217 00000014         
  218 00000014                 ENDP
  219 00000014         
  220 00000014                 ALIGN
  221 00000014         
  222 00000014         ;*******************************************************
                       ************************
  223 00000014         ; User Stack and Heap initialization
  224 00000014         ;*******************************************************
                       ************************
  225 00000014                 IF               :DEF:__MICROLIB
  226 00000014         
  227 00000014                 EXPORT           __initial_sp
  228 00000014                 EXPORT           __heap_base
  229 00000014                 EXPORT           __heap_limit
  230 00000014         
  231 00000014                 ELSE
  246                          ENDIF
  247 00000014         
  248 00000014                 END
              00000000 
              00000000 
Command Line: --debug --xref --diag_suppress=9931,A1950W --cpu=Cortex-M0 --depe
nd=.\objects\startup_stm32f051k8.d -o.\objects\startup_stm32f051k8.o -I.\RTE\_D
M_VISHNU32 -IC:\KeilPacks\ARM\CMSIS\5.9.0\CMSIS\Core\Include -IC:\KeilPacks\Kei
l\STM32F0xx_DFP\2.1.1\Drivers\CMSIS\Device\ST\STM32F0xx\Include --predefine="__
EVAL SETA 1" --predefine="__MICROLIB SETA 1" --predefine="__UVISION_VERSION SET
A 538" --predefine="_RTE_ SETA 1" --predefine="STM32F051x8 SETA 1" --predefine=
"_RTE_ SETA 1" --list=startup_stm32f051k8.lst ..\Mcu\f051\Startup\mdk\startup_s
tm32f051k8.s



ARM Macro Assembler    Page 1 Alphabetic symbol ordering
Relocatable symbols

STACK 00000000

Symbol: STACK
   Definitions
      At line 36 in file ..\Mcu\f051\Startup\mdk\startup_stm32f051k8.s
   Uses
      None
Comment: STACK unused
Stack_Mem 00000000

Symbol: Stack_Mem
   Definitions
      At line 37 in file ..\Mcu\f051\Startup\mdk\startup_stm32f051k8.s
   Uses
      None
Comment: Stack_Mem unused
__initial_sp 00000400

Symbol: __initial_sp
   Definitions
      At line 38 in file ..\Mcu\f051\Startup\mdk\startup_stm32f051k8.s
   Uses
      At line 62 in file ..\Mcu\f051\Startup\mdk\startup_stm32f051k8.s
      At line 227 in file ..\Mcu\f051\Startup\mdk\startup_stm32f051k8.s

3 symbols



ARM Macro Assembler    Page 1 Alphabetic symbol ordering
Relocatable symbols

HEAP 00000000

Symbol: HEAP
   Definitions
      At line 47 in file ..\Mcu\f051\Startup\mdk\startup_stm32f051k8.s
   Uses
      None
Comment: HEAP unused
Heap_Mem 00000000

Symbol: Heap_Mem
   Definitions
      At line 49 in file ..\Mcu\f051\Startup\mdk\startup_stm32f051k8.s
   Uses
      None
Comment: Heap_Mem unused
__heap_base 00000000

Symbol: __heap_base
   Definitions
      At line 48 in file ..\Mcu\f051\Startup\mdk\startup_stm32f051k8.s
   Uses
      At line 228 in file ..\Mcu\f051\Startup\mdk\startup_stm32f051k8.s
Comment: __heap_base used once
__heap_limit 00000200

Symbol: __heap_limit
   Definitions
      At line 50 in file ..\Mcu\f051\Startup\mdk\startup_stm32f051k8.s
   Uses
      At line 229 in file ..\Mcu\f051\Startup\mdk\startup_stm32f051k8.s
Comment: __heap_limit used once
4 symbols



ARM Macro Assembler    Page 1 Alphabetic symbol ordering
Relocatable symbols

RESET 00000000

Symbol: RESET
   Definitions
      At line 57 in file ..\Mcu\f051\Startup\mdk\startup_stm32f051k8.s
   Uses
      None
Comment: RESET unused
__Vectors 00000000

Symbol: __Vectors
   Definitions
      At line 62 in file ..\Mcu\f051\Startup\mdk\startup_stm32f051k8.s
   Uses
      At line 58 in file ..\Mcu\f051\Startup\mdk\startup_stm32f051k8.s
      At line 114 in file ..\Mcu\f051\Startup\mdk\startup_stm32f051k8.s

__Vectors_End 000000BC

Symbol: __Vectors_End
   Definitions
      At line 112 in file ..\Mcu\f051\Startup\mdk\startup_stm32f051k8.s
   Uses
      At line 59 in file ..\Mcu\f051\Startup\mdk\startup_stm32f051k8.s
      At line 114 in file ..\Mcu\f051\Startup\mdk\startup_stm32f051k8.s

3 symbols



ARM Macro Assembler    Page 1 Alphabetic symbol ordering
Relocatable symbols

.text 00000000

Symbol: .text
   Definitions
      At line 116 in file ..\Mcu\f051\Startup\mdk\startup_stm32f051k8.s
   Uses
      None
Comment: .text unused
ADC1_COMP_IRQHandler 00000012

Symbol: ADC1_COMP_IRQHandler
   Definitions
      At line 198 in file ..\Mcu\f051\Startup\mdk\startup_stm32f051k8.s
   Uses
      At line 92 in file ..\Mcu\f051\Startup\mdk\startup_stm32f051k8.s
      At line 167 in file ..\Mcu\f051\Startup\mdk\startup_stm32f051k8.s

CEC_IRQHandler 00000012

Symbol: CEC_IRQHandler
   Definitions
      At line 214 in file ..\Mcu\f051\Startup\mdk\startup_stm32f051k8.s
   Uses
      At line 110 in file ..\Mcu\f051\Startup\mdk\startup_stm32f051k8.s
      At line 183 in file ..\Mcu\f051\Startup\mdk\startup_stm32f051k8.s

DMA1_Channel1_IRQHandler 00000012

Symbol: DMA1_Channel1_IRQHandler
   Definitions
      At line 195 in file ..\Mcu\f051\Startup\mdk\startup_stm32f051k8.s
   Uses
      At line 89 in file ..\Mcu\f051\Startup\mdk\startup_stm32f051k8.s
      At line 164 in file ..\Mcu\f051\Startup\mdk\startup_stm32f051k8.s

DMA1_Channel2_3_IRQHandler 00000012

Symbol: DMA1_Channel2_3_IRQHandler
   Definitions
      At line 196 in file ..\Mcu\f051\Startup\mdk\startup_stm32f051k8.s
   Uses
      At line 90 in file ..\Mcu\f051\Startup\mdk\startup_stm32f051k8.s
      At line 165 in file ..\Mcu\f051\Startup\mdk\startup_stm32f051k8.s

DMA1_Channel4_5_IRQHandler 00000012

Symbol: DMA1_Channel4_5_IRQHandler
   Definitions
      At line 197 in file ..\Mcu\f051\Startup\mdk\startup_stm32f051k8.s
   Uses
      At line 91 in file ..\Mcu\f051\Startup\mdk\startup_stm32f051k8.s
      At line 166 in file ..\Mcu\f051\Startup\mdk\startup_stm32f051k8.s

Default_Handler 00000012

Symbol: Default_Handler
   Definitions
      At line 153 in file ..\Mcu\f051\Startup\mdk\startup_stm32f051k8.s
   Uses



ARM Macro Assembler    Page 2 Alphabetic symbol ordering
Relocatable symbols

      None
Comment: Default_Handler unused
EXTI0_1_IRQHandler 00000012

Symbol: EXTI0_1_IRQHandler
   Definitions
      At line 191 in file ..\Mcu\f051\Startup\mdk\startup_stm32f051k8.s
   Uses
      At line 85 in file ..\Mcu\f051\Startup\mdk\startup_stm32f051k8.s
      At line 160 in file ..\Mcu\f051\Startup\mdk\startup_stm32f051k8.s

EXTI2_3_IRQHandler 00000012

Symbol: EXTI2_3_IRQHandler
   Definitions
      At line 192 in file ..\Mcu\f051\Startup\mdk\startup_stm32f051k8.s
   Uses
      At line 86 in file ..\Mcu\f051\Startup\mdk\startup_stm32f051k8.s
      At line 161 in file ..\Mcu\f051\Startup\mdk\startup_stm32f051k8.s

EXTI4_15_IRQHandler 00000012

Symbol: EXTI4_15_IRQHandler
   Definitions
      At line 193 in file ..\Mcu\f051\Startup\mdk\startup_stm32f051k8.s
   Uses
      At line 87 in file ..\Mcu\f051\Startup\mdk\startup_stm32f051k8.s
      At line 162 in file ..\Mcu\f051\Startup\mdk\startup_stm32f051k8.s

FLASH_IRQHandler 00000012

Symbol: FLASH_IRQHandler
   Definitions
      At line 189 in file ..\Mcu\f051\Startup\mdk\startup_stm32f051k8.s
   Uses
      At line 83 in file ..\Mcu\f051\Startup\mdk\startup_stm32f051k8.s
      At line 158 in file ..\Mcu\f051\Startup\mdk\startup_stm32f051k8.s

HardFault_Handler 0000000A

Symbol: HardFault_Handler
   Definitions
      At line 136 in file ..\Mcu\f051\Startup\mdk\startup_stm32f051k8.s
   Uses
      At line 65 in file ..\Mcu\f051\Startup\mdk\startup_stm32f051k8.s
      At line 137 in file ..\Mcu\f051\Startup\mdk\startup_stm32f051k8.s

I2C1_IRQHandler 00000012

Symbol: I2C1_IRQHandler
   Definitions
      At line 208 in file ..\Mcu\f051\Startup\mdk\startup_stm32f051k8.s
   Uses
      At line 103 in file ..\Mcu\f051\Startup\mdk\startup_stm32f051k8.s
      At line 177 in file ..\Mcu\f051\Startup\mdk\startup_stm32f051k8.s

I2C2_IRQHandler 00000012

Symbol: I2C2_IRQHandler



ARM Macro Assembler    Page 3 Alphabetic symbol ordering
Relocatable symbols

   Definitions
      At line 209 in file ..\Mcu\f051\Startup\mdk\startup_stm32f051k8.s
   Uses
      At line 104 in file ..\Mcu\f051\Startup\mdk\startup_stm32f051k8.s
      At line 178 in file ..\Mcu\f051\Startup\mdk\startup_stm32f051k8.s

NMI_Handler 00000008

Symbol: NMI_Handler
   Definitions
      At line 131 in file ..\Mcu\f051\Startup\mdk\startup_stm32f051k8.s
   Uses
      At line 64 in file ..\Mcu\f051\Startup\mdk\startup_stm32f051k8.s
      At line 132 in file ..\Mcu\f051\Startup\mdk\startup_stm32f051k8.s

PVD_IRQHandler 00000012

Symbol: PVD_IRQHandler
   Definitions
      At line 187 in file ..\Mcu\f051\Startup\mdk\startup_stm32f051k8.s
   Uses
      At line 81 in file ..\Mcu\f051\Startup\mdk\startup_stm32f051k8.s
      At line 156 in file ..\Mcu\f051\Startup\mdk\startup_stm32f051k8.s

PendSV_Handler 0000000E

Symbol: PendSV_Handler
   Definitions
      At line 144 in file ..\Mcu\f051\Startup\mdk\startup_stm32f051k8.s
   Uses
      At line 76 in file ..\Mcu\f051\Startup\mdk\startup_stm32f051k8.s
      At line 145 in file ..\Mcu\f051\Startup\mdk\startup_stm32f051k8.s

RCC_IRQHandler 00000012

Symbol: RCC_IRQHandler
   Definitions
      At line 190 in file ..\Mcu\f051\Startup\mdk\startup_stm32f051k8.s
   Uses
      At line 84 in file ..\Mcu\f051\Startup\mdk\startup_stm32f051k8.s
      At line 159 in file ..\Mcu\f051\Startup\mdk\startup_stm32f051k8.s

RTC_IRQHandler 00000012

Symbol: RTC_IRQHandler
   Definitions
      At line 188 in file ..\Mcu\f051\Startup\mdk\startup_stm32f051k8.s
   Uses
      At line 82 in file ..\Mcu\f051\Startup\mdk\startup_stm32f051k8.s
      At line 157 in file ..\Mcu\f051\Startup\mdk\startup_stm32f051k8.s

Reset_Handler 00000000

Symbol: Reset_Handler
   Definitions
      At line 119 in file ..\Mcu\f051\Startup\mdk\startup_stm32f051k8.s
   Uses
      At line 63 in file ..\Mcu\f051\Startup\mdk\startup_stm32f051k8.s
      At line 120 in file ..\Mcu\f051\Startup\mdk\startup_stm32f051k8.s



ARM Macro Assembler    Page 4 Alphabetic symbol ordering
Relocatable symbols


SPI1_IRQHandler 00000012

Symbol: SPI1_IRQHandler
   Definitions
      At line 210 in file ..\Mcu\f051\Startup\mdk\startup_stm32f051k8.s
   Uses
      At line 105 in file ..\Mcu\f051\Startup\mdk\startup_stm32f051k8.s
      At line 179 in file ..\Mcu\f051\Startup\mdk\startup_stm32f051k8.s

SPI2_IRQHandler 00000012

Symbol: SPI2_IRQHandler
   Definitions
      At line 211 in file ..\Mcu\f051\Startup\mdk\startup_stm32f051k8.s
   Uses
      At line 106 in file ..\Mcu\f051\Startup\mdk\startup_stm32f051k8.s
      At line 180 in file ..\Mcu\f051\Startup\mdk\startup_stm32f051k8.s

SVC_Handler 0000000C

Symbol: SVC_Handler
   Definitions
      At line 140 in file ..\Mcu\f051\Startup\mdk\startup_stm32f051k8.s
   Uses
      At line 73 in file ..\Mcu\f051\Startup\mdk\startup_stm32f051k8.s
      At line 141 in file ..\Mcu\f051\Startup\mdk\startup_stm32f051k8.s

SysTick_Handler 00000010

Symbol: SysTick_Handler
   Definitions
      At line 148 in file ..\Mcu\f051\Startup\mdk\startup_stm32f051k8.s
   Uses
      At line 77 in file ..\Mcu\f051\Startup\mdk\startup_stm32f051k8.s
      At line 149 in file ..\Mcu\f051\Startup\mdk\startup_stm32f051k8.s

TIM14_IRQHandler 00000012

Symbol: TIM14_IRQHandler
   Definitions
      At line 204 in file ..\Mcu\f051\Startup\mdk\startup_stm32f051k8.s
   Uses
      At line 99 in file ..\Mcu\f051\Startup\mdk\startup_stm32f051k8.s
      At line 173 in file ..\Mcu\f051\Startup\mdk\startup_stm32f051k8.s

TIM15_IRQHandler 00000012

Symbol: TIM15_IRQHandler
   Definitions
      At line 205 in file ..\Mcu\f051\Startup\mdk\startup_stm32f051k8.s
   Uses
      At line 100 in file ..\Mcu\f051\Startup\mdk\startup_stm32f051k8.s
      At line 174 in file ..\Mcu\f051\Startup\mdk\startup_stm32f051k8.s

TIM16_IRQHandler 00000012

Symbol: TIM16_IRQHandler
   Definitions



ARM Macro Assembler    Page 5 Alphabetic symbol ordering
Relocatable symbols

      At line 206 in file ..\Mcu\f051\Startup\mdk\startup_stm32f051k8.s
   Uses
      At line 101 in file ..\Mcu\f051\Startup\mdk\startup_stm32f051k8.s
      At line 175 in file ..\Mcu\f051\Startup\mdk\startup_stm32f051k8.s

TIM17_IRQHandler 00000012

Symbol: TIM17_IRQHandler
   Definitions
      At line 207 in file ..\Mcu\f051\Startup\mdk\startup_stm32f051k8.s
   Uses
      At line 102 in file ..\Mcu\f051\Startup\mdk\startup_stm32f051k8.s
      At line 176 in file ..\Mcu\f051\Startup\mdk\startup_stm32f051k8.s

TIM1_BRK_UP_TRG_COM_IRQHandler 00000012

Symbol: TIM1_BRK_UP_TRG_COM_IRQHandler
   Definitions
      At line 199 in file ..\Mcu\f051\Startup\mdk\startup_stm32f051k8.s
   Uses
      At line 93 in file ..\Mcu\f051\Startup\mdk\startup_stm32f051k8.s
      At line 168 in file ..\Mcu\f051\Startup\mdk\startup_stm32f051k8.s

TIM1_CC_IRQHandler 00000012

Symbol: TIM1_CC_IRQHandler
   Definitions
      At line 200 in file ..\Mcu\f051\Startup\mdk\startup_stm32f051k8.s
   Uses
      At line 94 in file ..\Mcu\f051\Startup\mdk\startup_stm32f051k8.s
      At line 169 in file ..\Mcu\f051\Startup\mdk\startup_stm32f051k8.s

TIM2_IRQHandler 00000012

Symbol: TIM2_IRQHandler
   Definitions
      At line 201 in file ..\Mcu\f051\Startup\mdk\startup_stm32f051k8.s
   Uses
      At line 95 in file ..\Mcu\f051\Startup\mdk\startup_stm32f051k8.s
      At line 170 in file ..\Mcu\f051\Startup\mdk\startup_stm32f051k8.s

TIM3_IRQHandler 00000012

Symbol: TIM3_IRQHandler
   Definitions
      At line 202 in file ..\Mcu\f051\Startup\mdk\startup_stm32f051k8.s
   Uses
      At line 96 in file ..\Mcu\f051\Startup\mdk\startup_stm32f051k8.s
      At line 171 in file ..\Mcu\f051\Startup\mdk\startup_stm32f051k8.s

TIM6_DAC_IRQHandler 00000012

Symbol: TIM6_DAC_IRQHandler
   Definitions
      At line 203 in file ..\Mcu\f051\Startup\mdk\startup_stm32f051k8.s
   Uses
      At line 97 in file ..\Mcu\f051\Startup\mdk\startup_stm32f051k8.s
      At line 172 in file ..\Mcu\f051\Startup\mdk\startup_stm32f051k8.s




ARM Macro Assembler    Page 6 Alphabetic symbol ordering
Relocatable symbols

TSC_IRQHandler 00000012

Symbol: TSC_IRQHandler
   Definitions
      At line 194 in file ..\Mcu\f051\Startup\mdk\startup_stm32f051k8.s
   Uses
      At line 88 in file ..\Mcu\f051\Startup\mdk\startup_stm32f051k8.s
      At line 163 in file ..\Mcu\f051\Startup\mdk\startup_stm32f051k8.s

USART1_IRQHandler 00000012

Symbol: USART1_IRQHandler
   Definitions
      At line 212 in file ..\Mcu\f051\Startup\mdk\startup_stm32f051k8.s
   Uses
      At line 107 in file ..\Mcu\f051\Startup\mdk\startup_stm32f051k8.s
      At line 181 in file ..\Mcu\f051\Startup\mdk\startup_stm32f051k8.s

USART2_IRQHandler 00000012

Symbol: USART2_IRQHandler
   Definitions
      At line 213 in file ..\Mcu\f051\Startup\mdk\startup_stm32f051k8.s
   Uses
      At line 108 in file ..\Mcu\f051\Startup\mdk\startup_stm32f051k8.s
      At line 182 in file ..\Mcu\f051\Startup\mdk\startup_stm32f051k8.s

WWDG_IRQHandler 00000012

Symbol: WWDG_IRQHandler
   Definitions
      At line 186 in file ..\Mcu\f051\Startup\mdk\startup_stm32f051k8.s
   Uses
      At line 80 in file ..\Mcu\f051\Startup\mdk\startup_stm32f051k8.s
      At line 155 in file ..\Mcu\f051\Startup\mdk\startup_stm32f051k8.s

37 symbols



ARM Macro Assembler    Page 1 Alphabetic symbol ordering
Absolute symbols

Heap_Size 00000200

Symbol: Heap_Size
   Definitions
      At line 45 in file ..\Mcu\f051\Startup\mdk\startup_stm32f051k8.s
   Uses
      At line 49 in file ..\Mcu\f051\Startup\mdk\startup_stm32f051k8.s
Comment: Heap_Size used once
Stack_Size 00000400

Symbol: Stack_Size
   Definitions
      At line 34 in file ..\Mcu\f051\Startup\mdk\startup_stm32f051k8.s
   Uses
      At line 37 in file ..\Mcu\f051\Startup\mdk\startup_stm32f051k8.s
Comment: Stack_Size used once
__Vectors_Size 000000BC

Symbol: __Vectors_Size
   Definitions
      At line 114 in file ..\Mcu\f051\Startup\mdk\startup_stm32f051k8.s
   Uses
      At line 60 in file ..\Mcu\f051\Startup\mdk\startup_stm32f051k8.s
Comment: __Vectors_Size used once
3 symbols



ARM Macro Assembler    Page 1 Alphabetic symbol ordering
External symbols

SystemInit 00000000

Symbol: SystemInit
   Definitions
      At line 122 in file ..\Mcu\f051\Startup\mdk\startup_stm32f051k8.s
   Uses
      At line 123 in file ..\Mcu\f051\Startup\mdk\startup_stm32f051k8.s
Comment: SystemInit used once
__main 00000000

Symbol: __main
   Definitions
      At line 121 in file ..\Mcu\f051\Startup\mdk\startup_stm32f051k8.s
   Uses
      At line 125 in file ..\Mcu\f051\Startup\mdk\startup_stm32f051k8.s
Comment: __main used once
2 symbols
389 symbols in table
